Ordered 5 plates of pizza.
Eating Seafood Pizza (25% ketchup and 75% cheese that is cooked and cutted) from red plate.
Washed red plate.
Eating Beef Pizza (33% ketchup and 67% cheese that is cooked) from white plate.
Washed white plate.
Eating Fruit Pizza (0% ketchup and 0% cheese that is cooked) from golden plate.
Washed golden plate.
Eating Sausage Pizza (67% ketchup and 33% cheese that is cooked and cutted) from titanium plate.
Washed titanium plate.
Eating Tomato Pizza (100% ketchup and 0% cheese that is cooked) from yellow plate.
Washed yellow plate.
Ordered 5 plates of pizza.
Eating Cheese Pizza (0% ketchup and 100% cheese that is cooked and cutted) from red plate.
Eating Tomato Pizza (100% ketchup and 0% cheese that is cooked) from white plate.
Eating Sausage Pizza (67% ketchup and 33% cheese that is cooked and cutted) from golden plate.
Eating Fruit Pizza (0% ketchup and 0% cheese that is cooked) from titanium plate.
Eating Beef Pizza (33% ketchup and 67% cheese that is cooked) from yellow plate.
Washed red plate.
Washed white plate.
Washed golden plate.
Washed titanium plate.
Washed yellow plate.
Sold red plate.
Sold white plate.
Sold golden plate.
Sold titanium plate.
Sold yellow plate.